<!DOCTYPE html>
<html>
<head>
    <title>Login Page Test</title>
    <meta name="generator" content="HTMLTestRunner 1.1.2"/>
    <meta http-equiv="Content-Type" content="text/html; charset=UTF-8"/>
    <link rel="stylesheet" href="stylesheet.css">
    <script src="script.js"></script>
    <style>
        
    </style>
    <script>
        
    </script>
</head>
<body>
<div class='heading'>
    <h1 style="margin-left:1ex;">Login Page Test</h1>
    
    <p class='attribute'><strong>Start Time : </strong> 2025-06-12 02:20:25</p>
    
    <p class='attribute'><strong>Duration : </strong> 0:00:06.564319</p>
    
    <p class='attribute'><strong>Status : </strong> Error 3</p>
    
    <p class='attribute'><strong>Description : </strong> Test report generation using HTMLTestRunner-rv</p>
    
    <p class='attribute'><strong>Tested By : </strong> Unknown</p>
    
</div>
<div>
    <p id='show_detail_line'><b>Show</b>
        <button><a href='javascript:showCase(0)' style="color:#660066;">Summary</a></button>
        <button><a href='javascript:showCase(1)' style="color:#660066;">Failed</a></button>
        <button><a href='javascript:showCase(2)' style="color:#660066;">Passed</a></button>
        <button><a href='javascript:showCase(3)' style="color:#660066;">All</a></button>
    </p>
    <table id='result_table'>
        <colgroup>
            <col align='left'/>
            <col align='right'/>
            <col align='right'/>
            <col align='right'/>
            <col align='right'/>
            <col align='right'/>
        </colgroup>
        <tr id='header_row'>
            <td>Test Group/Test case</td>
            <td>Count</td>
            <td>Pass</td>
            <td>Fail</td>
            <td>Error</td>
            <td>View</td>
        </tr>
        
        <tr class='errorClass' style="font-weight:bold;color:white;">
            <td><a href="javascript:showClassDetail('c1','3')">Login</a></td>
            <td>3</td>
            <td>0</td>
            <td>0</td>
            <td>3</td>
            <td>
                <button><a href="javascript:showClassDetail('c1','3')"
                           style="color:#660066;">Detail</a></button>
            </td>
        </tr>
            
            <tr id="ft1.1" class='none'>
                <td class='errorCase'>
                    <div class='testcase'>
                        <a class="popup_link" onfocus='this.blur();'
                           href="javascript:showTestDetail('div_ft1.1')">test_01_login_valid</a>
                    </div>
                </td>
                <td colspan='5' align='center'>
                    <div>
                        <!--css div popup start-->
                        <button>
                            <a class="popup_link" onfocus='this.blur();'
                               href="javascript:showTestDetail('div_ft1.1')" style="color:#660066;">
                                ERROR
                            </a></button>
                        <div id='div_ft1.1' class="popup_window">
                            <div style='text-align: right; color:red;cursor:pointer'>
                                <a onfocus='this.blur();'
                                   onclick="document.getElementById('div_ft1.1').style.display = 'none'; "
                                   style="color:red;">
                                    [x]</a>
                            </div>
                            <pre></pre>
                            <pre style="color: red;">Traceback (most recent call last):
  File "d:\OrangeHRM_Testing\OrangeHRM\testscripts\login.py", line 42, in test_01_login_valid
    login.enter_username("Admin")
    ~~~~~~~~~~~~~~~~~~~~^^^^^^^^^
  File "d:\OrangeHRM_Testing\OrangeHRM\pages\loginPage.py", line 24, in enter_username
    self.driver.find_element(By.NAME,self.username_textbox_name).clear()
    ~~~~~~~~~~~~~~~~~~~~~~~~^^^^^^^^^^^^^^^^^^^^^^^^^^^^^^^^^^^^
  File "c:\Users\Sushant\AppData\Local\Programs\Python\Python313\Lib\site-packages\selenium\webdriver\remote\webdriver.py", line 888, in find_element
    return self.execute(Command.FIND_ELEMENT, {"using": by, "value": value})["value"]
           ~~~~~~~~~~~~^^^^^^^^^^^^^^^^^^^^^^^^^^^^^^^^^^^^^^^^^^^^^^^^^^^^^
  File "c:\Users\Sushant\AppData\Local\Programs\Python\Python313\Lib\site-packages\selenium\webdriver\remote\webdriver.py", line 429, in execute
    self.error_handler.check_response(response)
    ~~~~~~~~~~~~~~~~~~~~~~~~~~~~~~~~~^^^^^^^^^^
  File "c:\Users\Sushant\AppData\Local\Programs\Python\Python313\Lib\site-packages\selenium\webdriver\remote\errorhandler.py", line 232, in check_response
    raise exception_class(message, screen, stacktrace)
selenium.common.exceptions.NoSuchElementException: Message: no such element: Unable to locate element: {"method":"css selector","selector":"[name="username"]"}
  (Session info: chrome=137.0.7151.69); For documentation on this error, please visit: https://www.selenium.dev/documentation/webdriver/troubleshooting/errors#no-such-element-exception
Stacktrace:
	GetHandleVerifier [0x0x7ff653ddfe75+79173]
	GetHandleVerifier [0x0x7ff653ddfed0+79264]
	(No symbol) [0x0x7ff653b99e5a]
	(No symbol) [0x0x7ff653bf0586]
	(No symbol) [0x0x7ff653bf083c]
	(No symbol) [0x0x7ff653c44247]
	(No symbol) [0x0x7ff653c189af]
	(No symbol) [0x0x7ff653c4100d]
	(No symbol) [0x0x7ff653c18743]
	(No symbol) [0x0x7ff653be14c1]
	(No symbol) [0x0x7ff653be2253]
	GetHandleVerifier [0x0x7ff6540aa2ad+3004797]
	GetHandleVerifier [0x0x7ff6540a46fd+2981325]
	GetHandleVerifier [0x0x7ff6540c3350+3107360]
	GetHandleVerifier [0x0x7ff653dfa9fe+188622]
	GetHandleVerifier [0x0x7ff653e0228f+219487]
	GetHandleVerifier [0x0x7ff653de8dc4+115860]
	GetHandleVerifier [0x0x7ff653de8f79+116297]
	GetHandleVerifier [0x0x7ff653dcf528+11256]
	BaseThreadInitThunk [0x0x7fff39037374+20]
	RtlUserThreadStart [0x0x7fff3933cc91+33]

</pre>
                        </div>
                        <!--css div popup end-->
                    </div>
                </td>
            </tr>
            
            <tr id="ft1.2" class='none'>
                <td class='errorCase'>
                    <div class='testcase'>
                        <a class="popup_link" onfocus='this.blur();'
                           href="javascript:showTestDetail('div_ft1.2')">test_02_logout_valid</a>
                    </div>
                </td>
                <td colspan='5' align='center'>
                    <div>
                        <!--css div popup start-->
                        <button>
                            <a class="popup_link" onfocus='this.blur();'
                               href="javascript:showTestDetail('div_ft1.2')" style="color:#660066;">
                                ERROR
                            </a></button>
                        <div id='div_ft1.2' class="popup_window">
                            <div style='text-align: right; color:red;cursor:pointer'>
                                <a onfocus='this.blur();'
                                   onclick="document.getElementById('div_ft1.2').style.display = 'none'; "
                                   style="color:red;">
                                    [x]</a>
                            </div>
                            <pre></pre>
                            <pre style="color: red;">Traceback (most recent call last):
  File "d:\OrangeHRM_Testing\OrangeHRM\testscripts\login.py", line 50, in test_02_logout_valid
    homepage.click_user()
    ~~~~~~~~~~~~~~~~~~~^^
  File "d:\OrangeHRM_Testing\OrangeHRM\pages\homePage.py", line 22, in click_user
    self.driver.find_element(By.CLASS_NAME,self.user_link_class).click()
    ~~~~~~~~~~~~~~~~~~~~~~~~^^^^^^^^^^^^^^^^^^^^^^^^^^^^^^^^^^^^
  File "c:\Users\Sushant\AppData\Local\Programs\Python\Python313\Lib\site-packages\selenium\webdriver\remote\webdriver.py", line 888, in find_element
    return self.execute(Command.FIND_ELEMENT, {"using": by, "value": value})["value"]
           ~~~~~~~~~~~~^^^^^^^^^^^^^^^^^^^^^^^^^^^^^^^^^^^^^^^^^^^^^^^^^^^^^
  File "c:\Users\Sushant\AppData\Local\Programs\Python\Python313\Lib\site-packages\selenium\webdriver\remote\webdriver.py", line 429, in execute
    self.error_handler.check_response(response)
    ~~~~~~~~~~~~~~~~~~~~~~~~~~~~~~~~~^^^^^^^^^^
  File "c:\Users\Sushant\AppData\Local\Programs\Python\Python313\Lib\site-packages\selenium\webdriver\remote\errorhandler.py", line 232, in check_response
    raise exception_class(message, screen, stacktrace)
selenium.common.exceptions.NoSuchElementException: Message: no such element: Unable to locate element: {"method":"css selector","selector":".oxd-userdropdown-name"}
  (Session info: chrome=137.0.7151.69); For documentation on this error, please visit: https://www.selenium.dev/documentation/webdriver/troubleshooting/errors#no-such-element-exception
Stacktrace:
	GetHandleVerifier [0x0x7ff653ddfe75+79173]
	GetHandleVerifier [0x0x7ff653ddfed0+79264]
	(No symbol) [0x0x7ff653b99e5a]
	(No symbol) [0x0x7ff653bf0586]
	(No symbol) [0x0x7ff653bf083c]
	(No symbol) [0x0x7ff653c44247]
	(No symbol) [0x0x7ff653c189af]
	(No symbol) [0x0x7ff653c4100d]
	(No symbol) [0x0x7ff653c18743]
	(No symbol) [0x0x7ff653be14c1]
	(No symbol) [0x0x7ff653be2253]
	GetHandleVerifier [0x0x7ff6540aa2ad+3004797]
	GetHandleVerifier [0x0x7ff6540a46fd+2981325]
	GetHandleVerifier [0x0x7ff6540c3350+3107360]
	GetHandleVerifier [0x0x7ff653dfa9fe+188622]
	GetHandleVerifier [0x0x7ff653e0228f+219487]
	GetHandleVerifier [0x0x7ff653de8dc4+115860]
	GetHandleVerifier [0x0x7ff653de8f79+116297]
	GetHandleVerifier [0x0x7ff653dcf528+11256]
	BaseThreadInitThunk [0x0x7fff39037374+20]
	RtlUserThreadStart [0x0x7fff3933cc91+33]

</pre>
                        </div>
                        <!--css div popup end-->
                    </div>
                </td>
            </tr>
            
            <tr id="ft1.3" class='none'>
                <td class='errorCase'>
                    <div class='testcase'>
                        <a class="popup_link" onfocus='this.blur();'
                           href="javascript:showTestDetail('div_ft1.3')">test_03_login_invalid</a>
                    </div>
                </td>
                <td colspan='5' align='center'>
                    <div>
                        <!--css div popup start-->
                        <button>
                            <a class="popup_link" onfocus='this.blur();'
                               href="javascript:showTestDetail('div_ft1.3')" style="color:#660066;">
                                ERROR
                            </a></button>
                        <div id='div_ft1.3' class="popup_window">
                            <div style='text-align: right; color:red;cursor:pointer'>
                                <a onfocus='this.blur();'
                                   onclick="document.getElementById('div_ft1.3').style.display = 'none'; "
                                   style="color:red;">
                                    [x]</a>
                            </div>
                            <pre></pre>
                            <pre style="color: red;">Traceback (most recent call last):
  File "d:\OrangeHRM_Testing\OrangeHRM\testscripts\login.py", line 58, in test_03_login_invalid
    login.enter_username("Admin_sky")
    ~~~~~~~~~~~~~~~~~~~~^^^^^^^^^^^^^
  File "d:\OrangeHRM_Testing\OrangeHRM\pages\loginPage.py", line 24, in enter_username
    self.driver.find_element(By.NAME,self.username_textbox_name).clear()
    ~~~~~~~~~~~~~~~~~~~~~~~~^^^^^^^^^^^^^^^^^^^^^^^^^^^^^^^^^^^^
  File "c:\Users\Sushant\AppData\Local\Programs\Python\Python313\Lib\site-packages\selenium\webdriver\remote\webdriver.py", line 888, in find_element
    return self.execute(Command.FIND_ELEMENT, {"using": by, "value": value})["value"]
           ~~~~~~~~~~~~^^^^^^^^^^^^^^^^^^^^^^^^^^^^^^^^^^^^^^^^^^^^^^^^^^^^^
  File "c:\Users\Sushant\AppData\Local\Programs\Python\Python313\Lib\site-packages\selenium\webdriver\remote\webdriver.py", line 429, in execute
    self.error_handler.check_response(response)
    ~~~~~~~~~~~~~~~~~~~~~~~~~~~~~~~~~^^^^^^^^^^
  File "c:\Users\Sushant\AppData\Local\Programs\Python\Python313\Lib\site-packages\selenium\webdriver\remote\errorhandler.py", line 232, in check_response
    raise exception_class(message, screen, stacktrace)
selenium.common.exceptions.NoSuchElementException: Message: no such element: Unable to locate element: {"method":"css selector","selector":"[name="username"]"}
  (Session info: chrome=137.0.7151.69); For documentation on this error, please visit: https://www.selenium.dev/documentation/webdriver/troubleshooting/errors#no-such-element-exception
Stacktrace:
	GetHandleVerifier [0x0x7ff653ddfe75+79173]
	GetHandleVerifier [0x0x7ff653ddfed0+79264]
	(No symbol) [0x0x7ff653b99e5a]
	(No symbol) [0x0x7ff653bf0586]
	(No symbol) [0x0x7ff653bf083c]
	(No symbol) [0x0x7ff653c44247]
	(No symbol) [0x0x7ff653c189af]
	(No symbol) [0x0x7ff653c4100d]
	(No symbol) [0x0x7ff653c18743]
	(No symbol) [0x0x7ff653be14c1]
	(No symbol) [0x0x7ff653be2253]
	GetHandleVerifier [0x0x7ff6540aa2ad+3004797]
	GetHandleVerifier [0x0x7ff6540a46fd+2981325]
	GetHandleVerifier [0x0x7ff6540c3350+3107360]
	GetHandleVerifier [0x0x7ff653dfa9fe+188622]
	GetHandleVerifier [0x0x7ff653e0228f+219487]
	GetHandleVerifier [0x0x7ff653de8dc4+115860]
	GetHandleVerifier [0x0x7ff653de8f79+116297]
	GetHandleVerifier [0x0x7ff653dcf528+11256]
	BaseThreadInitThunk [0x0x7fff39037374+20]
	RtlUserThreadStart [0x0x7fff3933cc91+33]

</pre>
                        </div>
                        <!--css div popup end-->
                    </div>
                </td>
            </tr>
            
        

        <tr id='total_row'>
            <td>Total</td>
            <td>3</td>
            <td>0</td>
            <td>0</td>
            <td>3</td>
            <td>&nbsp;</td>
        </tr>
    </table>
</div>
<br><br>
<div id='ending'><b>Time Elapsed: </b>0:00:06.564319</div>
</body>
</html>